d:\computer department\programming tech\project phase 2\fuck p2\debug\pt project.bsc
d:\computer department\programming tech\project phase 2\fuck p2\debug\vc143.pdb
d:\computer department\programming tech\project phase 2\fuck p2\debug\vc143.idb
d:\computer department\programming tech\project phase 2\fuck p2\debug\resizeaction.sbr
d:\computer department\programming tech\project phase 2\fuck p2\debug\movebydrag.sbr
d:\computer department\programming tech\project phase 2\fuck p2\debug\tofiguresaction.sbr
d:\computer department\programming tech\project phase 2\fuck p2\debug\todrawaction.sbr
d:\computer department\programming tech\project phase 2\fuck p2\debug\toplayaction.sbr
d:\computer department\programming tech\project phase 2\fuck p2\debug\pick_color.sbr
d:\computer department\programming tech\project phase 2\fuck p2\debug\pick_both.sbr
d:\computer department\programming tech\project phase 2\fuck p2\debug\voiceaction.sbr
d:\computer department\programming tech\project phase 2\fuck p2\debug\saveaction.sbr
d:\computer department\programming tech\project phase 2\fuck p2\debug\main.sbr
d:\computer department\programming tech\project phase 2\fuck p2\debug\loadaction.sbr
d:\computer department\programming tech\project phase 2\fuck p2\debug\applicationmanager.sbr
d:\computer department\programming tech\project phase 2\fuck p2\debug\output.sbr
d:\computer department\programming tech\project phase 2\fuck p2\debug\input.sbr
d:\computer department\programming tech\project phase 2\fuck p2\debug\ctri.sbr
d:\computer department\programming tech\project phase 2\fuck p2\debug\csquare.sbr
d:\computer department\programming tech\project phase 2\fuck p2\debug\addrectaction.sbr
d:\computer department\programming tech\project phase 2\fuck p2\debug\crectangle.sbr
d:\computer department\programming tech\project phase 2\fuck p2\debug\chexa.sbr
d:\computer department\programming tech\project phase 2\fuck p2\debug\cfigure.sbr
d:\computer department\programming tech\project phase 2\fuck p2\debug\cfigure.obj
d:\computer department\programming tech\project phase 2\fuck p2\debug\chexa.obj
d:\computer department\programming tech\project phase 2\fuck p2\debug\crectangle.obj
d:\computer department\programming tech\project phase 2\fuck p2\debug\addrectaction.obj
d:\computer department\programming tech\project phase 2\fuck p2\debug\csquare.obj
d:\computer department\programming tech\project phase 2\fuck p2\debug\ctri.obj
d:\computer department\programming tech\project phase 2\fuck p2\debug\input.obj
d:\computer department\programming tech\project phase 2\fuck p2\debug\output.obj
d:\computer department\programming tech\project phase 2\fuck p2\debug\applicationmanager.obj
d:\computer department\programming tech\project phase 2\fuck p2\debug\loadaction.obj
d:\computer department\programming tech\project phase 2\fuck p2\debug\main.obj
d:\computer department\programming tech\project phase 2\fuck p2\debug\saveaction.obj
d:\computer department\programming tech\project phase 2\fuck p2\debug\voiceaction.obj
d:\computer department\programming tech\project phase 2\fuck p2\debug\pick_both.obj
d:\computer department\programming tech\project phase 2\fuck p2\debug\pick_color.obj
d:\computer department\programming tech\project phase 2\fuck p2\debug\toplayaction.obj
d:\computer department\programming tech\project phase 2\fuck p2\debug\todrawaction.obj
d:\computer department\programming tech\project phase 2\fuck p2\debug\tofiguresaction.obj
d:\computer department\programming tech\project phase 2\fuck p2\debug\movebydrag.obj
d:\computer department\programming tech\project phase 2\fuck p2\debug\resizeaction.obj
d:\computer department\programming tech\project phase 2\fuck p2\debug\ccirc.sbr
d:\computer department\programming tech\project phase 2\fuck p2\debug\exitaction.sbr
d:\computer department\programming tech\project phase 2\fuck p2\debug\windowinput.sbr
d:\computer department\programming tech\project phase 2\fuck p2\debug\mousequeue.sbr
d:\computer department\programming tech\project phase 2\fuck p2\debug\keyqueue.sbr
d:\computer department\programming tech\project phase 2\fuck p2\debug\image.sbr
d:\computer department\programming tech\project phase 2\fuck p2\debug\colors.sbr
d:\computer department\programming tech\project phase 2\fuck p2\debug\cmugraphics.sbr
d:\computer department\programming tech\project phase 2\fuck p2\debug\auxil.sbr
d:\computer department\programming tech\project phase 2\fuck p2\debug\actiontoplay.sbr
d:\computer department\programming tech\project phase 2\fuck p2\debug\clearallaction.sbr
d:\computer department\programming tech\project phase 2\fuck p2\debug\stoprecaction.sbr
d:\computer department\programming tech\project phase 2\fuck p2\debug\startrecaction.sbr
d:\computer department\programming tech\project phase 2\fuck p2\debug\selectaction.sbr
d:\computer department\programming tech\project phase 2\fuck p2\debug\playrecaction.sbr
d:\computer department\programming tech\project phase 2\fuck p2\debug\pick_figure.sbr
d:\computer department\programming tech\project phase 2\fuck p2\debug\moveaction.sbr
d:\computer department\programming tech\project phase 2\fuck p2\debug\fillingaction.sbr
d:\computer department\programming tech\project phase 2\fuck p2\debug\drawingaction.sbr
d:\computer department\programming tech\project phase 2\fuck p2\debug\delete_action.sbr
d:\computer department\programming tech\project phase 2\fuck p2\debug\delete_action.obj
d:\computer department\programming tech\project phase 2\fuck p2\debug\drawingaction.obj
d:\computer department\programming tech\project phase 2\fuck p2\debug\fillingaction.obj
d:\computer department\programming tech\project phase 2\fuck p2\debug\moveaction.obj
d:\computer department\programming tech\project phase 2\fuck p2\debug\pick_figure.obj
d:\computer department\programming tech\project phase 2\fuck p2\debug\playrecaction.obj
d:\computer department\programming tech\project phase 2\fuck p2\debug\selectaction.obj
d:\computer department\programming tech\project phase 2\fuck p2\debug\startrecaction.obj
d:\computer department\programming tech\project phase 2\fuck p2\debug\stoprecaction.obj
d:\computer department\programming tech\project phase 2\fuck p2\debug\clearallaction.obj
d:\computer department\programming tech\project phase 2\fuck p2\debug\actiontoplay.obj
d:\computer department\programming tech\project phase 2\fuck p2\debug\auxil.obj
d:\computer department\programming tech\project phase 2\fuck p2\debug\cmugraphics.obj
d:\computer department\programming tech\project phase 2\fuck p2\debug\colors.obj
d:\computer department\programming tech\project phase 2\fuck p2\debug\image.obj
d:\computer department\programming tech\project phase 2\fuck p2\debug\keyqueue.obj
d:\computer department\programming tech\project phase 2\fuck p2\debug\mousequeue.obj
d:\computer department\programming tech\project phase 2\fuck p2\debug\windowinput.obj
d:\computer department\programming tech\project phase 2\fuck p2\debug\exitaction.obj
d:\computer department\programming tech\project phase 2\fuck p2\debug\ccirc.obj
d:\computer department\programming tech\project phase 2\fuck p2\debug\addtriaction.sbr
d:\computer department\programming tech\project phase 2\fuck p2\debug\addsquareaction.sbr
d:\computer department\programming tech\project phase 2\fuck p2\debug\addhexaaction.sbr
d:\computer department\programming tech\project phase 2\fuck p2\debug\addcircaction.sbr
d:\computer department\programming tech\project phase 2\fuck p2\debug\actiontopick.sbr
d:\computer department\programming tech\project phase 2\fuck p2\debug\actiontopick.obj
d:\computer department\programming tech\project phase 2\fuck p2\debug\addcircaction.obj
d:\computer department\programming tech\project phase 2\fuck p2\debug\addhexaaction.obj
d:\computer department\programming tech\project phase 2\fuck p2\debug\addsquareaction.obj
d:\computer department\programming tech\project phase 2\fuck p2\debug\addtriaction.obj
d:\computer department\programming tech\project phase 2\fuck p2\debug\jutils.sbr
d:\computer department\programming tech\project phase 2\fuck p2\debug\jquant2.sbr
d:\computer department\programming tech\project phase 2\fuck p2\debug\jquant1.sbr
d:\computer department\programming tech\project phase 2\fuck p2\debug\jmemnobs.sbr
d:\computer department\programming tech\project phase 2\fuck p2\debug\jmemmgr.sbr
d:\computer department\programming tech\project phase 2\fuck p2\debug\jidctred.sbr
d:\computer department\programming tech\project phase 2\fuck p2\debug\jidctint.sbr
d:\computer department\programming tech\project phase 2\fuck p2\debug\jidctfst.sbr
d:\computer department\programming tech\project phase 2\fuck p2\debug\jidctflt.sbr
d:\computer department\programming tech\project phase 2\fuck p2\debug\jerror.sbr
d:\computer department\programming tech\project phase 2\fuck p2\debug\jdtrans.sbr
d:\computer department\programming tech\project phase 2\fuck p2\debug\jdsample.sbr
d:\computer department\programming tech\project phase 2\fuck p2\debug\jdpostct.sbr
d:\computer department\programming tech\project phase 2\fuck p2\debug\jdphuff.sbr
d:\computer department\programming tech\project phase 2\fuck p2\debug\jdmerge.sbr
d:\computer department\programming tech\project phase 2\fuck p2\debug\jdmaster.sbr
d:\computer department\programming tech\project phase 2\fuck p2\debug\jdmarker.sbr
d:\computer department\programming tech\project phase 2\fuck p2\debug\jdmainct.sbr
d:\computer department\programming tech\project phase 2\fuck p2\debug\jdinput.sbr
d:\computer department\programming tech\project phase 2\fuck p2\debug\jdhuff.sbr
d:\computer department\programming tech\project phase 2\fuck p2\debug\jdhuff.obj
d:\computer department\programming tech\project phase 2\fuck p2\debug\jdinput.obj
d:\computer department\programming tech\project phase 2\fuck p2\debug\jdmainct.obj
d:\computer department\programming tech\project phase 2\fuck p2\debug\jdmarker.obj
d:\computer department\programming tech\project phase 2\fuck p2\debug\jdmaster.obj
d:\computer department\programming tech\project phase 2\fuck p2\debug\jdmerge.obj
d:\computer department\programming tech\project phase 2\fuck p2\debug\jdphuff.obj
d:\computer department\programming tech\project phase 2\fuck p2\debug\jdpostct.obj
d:\computer department\programming tech\project phase 2\fuck p2\debug\jdsample.obj
d:\computer department\programming tech\project phase 2\fuck p2\debug\jdtrans.obj
d:\computer department\programming tech\project phase 2\fuck p2\debug\jerror.obj
d:\computer department\programming tech\project phase 2\fuck p2\debug\jidctflt.obj
d:\computer department\programming tech\project phase 2\fuck p2\debug\jidctfst.obj
d:\computer department\programming tech\project phase 2\fuck p2\debug\jidctint.obj
d:\computer department\programming tech\project phase 2\fuck p2\debug\jidctred.obj
d:\computer department\programming tech\project phase 2\fuck p2\debug\jmemmgr.obj
d:\computer department\programming tech\project phase 2\fuck p2\debug\jmemnobs.obj
d:\computer department\programming tech\project phase 2\fuck p2\debug\jquant1.obj
d:\computer department\programming tech\project phase 2\fuck p2\debug\jquant2.obj
d:\computer department\programming tech\project phase 2\fuck p2\debug\jutils.obj
d:\computer department\programming tech\project phase 2\fuck p2\debug\jddctmgr.sbr
d:\computer department\programming tech\project phase 2\fuck p2\debug\jdcolor.sbr
d:\computer department\programming tech\project phase 2\fuck p2\debug\jdcoefct.sbr
d:\computer department\programming tech\project phase 2\fuck p2\debug\jdatasrc.sbr
d:\computer department\programming tech\project phase 2\fuck p2\debug\jdapistd.sbr
d:\computer department\programming tech\project phase 2\fuck p2\debug\jdapimin.sbr
d:\computer department\programming tech\project phase 2\fuck p2\debug\jcparam.sbr
d:\computer department\programming tech\project phase 2\fuck p2\debug\jcomapi.sbr
d:\computer department\programming tech\project phase 2\fuck p2\debug\jpegload.sbr
d:\computer department\programming tech\project phase 2\fuck p2\debug\jpegload.obj
d:\computer department\programming tech\project phase 2\fuck p2\debug\jcomapi.obj
d:\computer department\programming tech\project phase 2\fuck p2\debug\jcparam.obj
d:\computer department\programming tech\project phase 2\fuck p2\debug\jdapimin.obj
d:\computer department\programming tech\project phase 2\fuck p2\debug\jdapistd.obj
d:\computer department\programming tech\project phase 2\fuck p2\debug\jdatasrc.obj
d:\computer department\programming tech\project phase 2\fuck p2\debug\jdcoefct.obj
d:\computer department\programming tech\project phase 2\fuck p2\debug\jdcolor.obj
d:\computer department\programming tech\project phase 2\fuck p2\debug\jddctmgr.obj
d:\computer department\programming tech\project phase 2\fuck p2\debug\pt project.exe
d:\computer department\programming tech\project phase 2\fuck p2\debug\pt project.ilk
d:\computer department\programming tech\project phase 2\fuck p2\debug\pt project.pdb
d:\computer department\programming tech\project phase 2\fuck p2\debug\pt project.tlog\bscmake.command.1.tlog
d:\computer department\programming tech\project phase 2\fuck p2\debug\pt project.tlog\bscmake.read.1.tlog
d:\computer department\programming tech\project phase 2\fuck p2\debug\pt project.tlog\bscmake.write.1.tlog
d:\computer department\programming tech\project phase 2\fuck p2\debug\pt project.tlog\cl.command.1.tlog
d:\computer department\programming tech\project phase 2\fuck p2\debug\pt project.tlog\cl.items.tlog
d:\computer department\programming tech\project phase 2\fuck p2\debug\pt project.tlog\cl.read.1.tlog
d:\computer department\programming tech\project phase 2\fuck p2\debug\pt project.tlog\cl.write.1.tlog
d:\computer department\programming tech\project phase 2\fuck p2\debug\pt project.tlog\link.command.1.tlog
d:\computer department\programming tech\project phase 2\fuck p2\debug\pt project.tlog\link.read.1.tlog
d:\computer department\programming tech\project phase 2\fuck p2\debug\pt project.tlog\link.write.1.tlog
